Watching for file changes with StatReloader
"GET /api/v1/product/ HTTP/1.1" 200 2
"GET /api/v1/product/ HTTP/1.1" 200 2
"GET /api/v1/product/ HTTP/1.1" 200 2
"GET /api/v1/product/ HTTP/1.1" 200 2
"GET /api/v1/product/ HTTP/1.1" 200 2
"GET /api/v1/product/ HTTP/1.1" 200 2
"GET /api/v1/product/ HTTP/1.1" 200 2
"GET /api/v1/product/ HTTP/1.1" 200 2
"GET /api/v1/product/ HTTP/1.1" 200 2
"GET /api/v1/product/ HTTP/1.1" 200 2
Too Many Requests: /api/v1/product/
"GET /api/v1/product/ HTTP/1.1" 429 69
Too Many Requests: /api/v1/product/
"GET /api/v1/product/ HTTP/1.1" 429 69
Too Many Requests: /api/v1/product/
"GET /api/v1/product/ HTTP/1.1" 429 69
Too Many Requests: /api/v1/product/
"GET /api/v1/product/ HTTP/1.1" 429 69
Too Many Requests: /api/v1/user/register/
"POST /api/v1/user/register/ HTTP/1.1" 429 69
